<?xml version="1.0" encoding="UTF-8"?>
<testng-results skipped="0" failed="0" ignored="1" total="4" passed="3">
  <reporter-output>
  </reporter-output>
  <suite name="Default suite" duration-ms="16840" started-at="2021-08-04T10:36:34 IST" finished-at="2021-08-04T10:36:51 IST">
    <groups>
    </groups>
    <test name="Default test" duration-ms="16840" started-at="2021-08-04T10:36:34 IST" finished-at="2021-08-04T10:36:51 IST">
      <class name="demo.PostMethodwithBody">
        <test-method status="PASS" signature="Login()[pri:0, instance:demo.PostMethodwithBody@7fdd33]" name="Login" duration-ms="11348" started-at="2021-08-04T10:36:34 IST" finished-at="2021-08-04T10:36:46 IST">
          <reporter-output>
          </reporter-output>
        </test-method> <!-- Login -->
        <test-method status="PASS" signature="getUser()[pri:1, instance:demo.PostMethodwithBody@7fdd33]" name="getUser" duration-ms="3395" started-at="2021-08-04T10:36:46 IST" finished-at="2021-08-04T10:36:49 IST">
          <reporter-output>
          </reporter-output>
        </test-method> <!-- getUser -->
        <test-method status="PASS" signature="Delete()[pri:2, instance:demo.PostMethodwithBody@7fdd33]" name="Delete" duration-ms="1950" started-at="2021-08-04T10:36:49 IST" finished-at="2021-08-04T10:36:51 IST">
          <reporter-output>
          </reporter-output>
        </test-method> <!-- Delete -->
      </class> <!-- demo.PostMethodwithBody -->
    </test> <!-- Default test -->
  </suite> <!-- Default suite -->
</testng-results>
