<?xml version="1.0" encoding="UTF-8"?>
<!-- Generated by org.testng.reporters.JUnitXMLReporter -->
<testsuite hostname="LAPTOP-QCRURKE4" ignored="1" name="Default test" tests="3" failures="0" timestamp="2021-08-04T10:36:51 IST" time="16.84" errors="0">
  <testcase name="Login" time="11.348" classname="demo.PostMethodwithBody"/>
  <testcase name="getUser" time="3.395" classname="demo.PostMethodwithBody"/>
  <testcase name="Delete" time="1.95" classname="demo.PostMethodwithBody"/>
  <testcase name="testcase1" time="0.0" classname="demo.PostMethodwithBody">
    <ignored/>
  </testcase> <!-- testcase1 -->
</testsuite> <!-- Default test -->
